Determining if the pthread_create exist failed with the following output:
Change Dir: /home/pi/manta_ws/build_isolated/diagnostic_updater/CMakeFiles/CMakeTmp

Run Build Command:"/usr/bin/make" "cmTryCompileExec1978460767/fast"
/usr/bin/make -f CMakeFiles/cmTryCompileExec1978460767.dir/build.make CMakeFiles/cmTryCompileExec1978460767.dir/build
make[1]: Entering directory '/home/pi/manta_ws/build_isolated/diagnostic_updater/CMakeFiles/CMakeTmp'
/usr/bin/cmake -E cmake_progress_report /home/pi/manta_ws/build_isolated/diagnostic_updater/CMakeFiles/CMakeTmp/CMakeFiles 1
Building C object CMakeFiles/cmTryCompileExec1978460767.dir/CheckSymbolExists.c.o
/usr/bin/cc    -o CMakeFiles/cmTryCompileExec1978460767.dir/CheckSymbolExists.c.o   -c /home/pi/manta_ws/build_isolated/diagnostic_updater/CMakeFiles/CMakeTmp/CheckSymbolExists.c
Linking C executable cmTryCompileExec1978460767
/usr/bin/cmake -E cmake_link_script CMakeFiles/cmTryCompileExec1978460767.dir/link.txt --verbose=1
/usr/bin/cc       CMakeFiles/cmTryCompileExec1978460767.dir/CheckSymbolExists.c.o  -o cmTryCompileExec1978460767 -rdynamic 
CMakeFiles/cmTryCompileExec1978460767.dir/CheckSymbolExists.c.o: In function `main':
CheckSymbolExists.c:(.text+0x38): undefined reference to `pthread_create'
collect2: error: ld returned 1 exit status
CMakeFiles/cmTryCompileExec1978460767.dir/build.make:88: recipe for target 'cmTryCompileExec1978460767' failed
make[1]: Leaving directory '/home/pi/manta_ws/build_isolated/diagnostic_updater/CMakeFiles/CMakeTmp'
make[1]: *** [cmTryCompileExec1978460767] Error 1
Makefile:118: recipe for target 'cmTryCompileExec1978460767/fast' failed
make: *** [cmTryCompileExec1978460767/fast] Error 2

File /home/pi/manta_ws/build_isolated/diagnostic_updater/CMakeFiles/CMakeTmp/CheckSymbolExists.c:
/* */
#include <pthread.h>

int main(int argc, char** argv)
{
  (void)argv;
#ifndef pthread_create
  return ((int*)(&pthread_create))[argc];
#else
  (void)argc;
  return 0;
#endif
}

Determining if the function pthread_create exists in the pthreads failed with the following output:
Change Dir: /home/pi/manta_ws/build_isolated/diagnostic_updater/CMakeFiles/CMakeTmp

Run Build Command:"/usr/bin/make" "cmTryCompileExec2741849874/fast"
/usr/bin/make -f CMakeFiles/cmTryCompileExec2741849874.dir/build.make CMakeFiles/cmTryCompileExec2741849874.dir/build
make[1]: Entering directory '/home/pi/manta_ws/build_isolated/diagnostic_updater/CMakeFiles/CMakeTmp'
/usr/bin/cmake -E cmake_progress_report /home/pi/manta_ws/build_isolated/diagnostic_updater/CMakeFiles/CMakeTmp/CMakeFiles 1
Building C object CMakeFiles/cmTryCompileExec2741849874.dir/CheckFunctionExists.c.o
/usr/bin/cc   -DCHECK_FUNCTION_EXISTS=pthread_create   -o CMakeFiles/cmTryCompileExec2741849874.dir/CheckFunctionExists.c.o   -c /usr/share/cmake-3.0/Modules/CheckFunctionExists.c
Linking C executable cmTryCompileExec2741849874
/usr/bin/cmake -E cmake_link_script CMakeFiles/cmTryCompileExec2741849874.dir/link.txt --verbose=1
/usr/bin/cc   -DCHECK_FUNCTION_EXISTS=pthread_create    CMakeFiles/cmTryCompileExec2741849874.dir/CheckFunctionExists.c.o  -o cmTryCompileExec2741849874 -rdynamic -lpthreads 
/usr/bin/ld: cannot find -lpthreads
collect2: error: ld returned 1 exit status
CMakeFiles/cmTryCompileExec2741849874.dir/build.make:88: recipe for target 'cmTryCompileExec2741849874' failed
make[1]: Leaving directory '/home/pi/manta_ws/build_isolated/diagnostic_updater/CMakeFiles/CMakeTmp'
make[1]: *** [cmTryCompileExec2741849874] Error 1
Makefile:118: recipe for target 'cmTryCompileExec2741849874/fast' failed
make: *** [cmTryCompileExec2741849874/fast] Error 2


