Determining if the pthread_create exist failed with the following output:
Change Dir: /home/pi/manta_ws/build_isolated/class_loader/CMakeFiles/CMakeTmp

Run Build Command:"/usr/bin/make" "cmTryCompileExec2864582514/fast"
/usr/bin/make -f CMakeFiles/cmTryCompileExec2864582514.dir/build.make CMakeFiles/cmTryCompileExec2864582514.dir/build
make[1]: Entering directory '/home/pi/manta_ws/build_isolated/class_loader/CMakeFiles/CMakeTmp'
/usr/bin/cmake -E cmake_progress_report /home/pi/manta_ws/build_isolated/class_loader/CMakeFiles/CMakeTmp/CMakeFiles 1
Building C object CMakeFiles/cmTryCompileExec2864582514.dir/CheckSymbolExists.c.o
/usr/bin/cc    -o CMakeFiles/cmTryCompileExec2864582514.dir/CheckSymbolExists.c.o   -c /home/pi/manta_ws/build_isolated/class_loader/CMakeFiles/CMakeTmp/CheckSymbolExists.c
Linking C executable cmTryCompileExec2864582514
/usr/bin/cmake -E cmake_link_script CMakeFiles/cmTryCompileExec2864582514.dir/link.txt --verbose=1
/usr/bin/cc       CMakeFiles/cmTryCompileExec2864582514.dir/CheckSymbolExists.c.o  -o cmTryCompileExec2864582514 -rdynamic 
CMakeFiles/cmTryCompileExec2864582514.dir/CheckSymbolExists.c.o: In function `main':
CheckSymbolExists.c:(.text+0x38): undefined reference to `pthread_create'
collect2: error: ld returned 1 exit status
CMakeFiles/cmTryCompileExec2864582514.dir/build.make:88: recipe for target 'cmTryCompileExec2864582514' failed
make[1]: Leaving directory '/home/pi/manta_ws/build_isolated/class_loader/CMakeFiles/CMakeTmp'
make[1]: *** [cmTryCompileExec2864582514] Error 1
Makefile:118: recipe for target 'cmTryCompileExec2864582514/fast' failed
make: *** [cmTryCompileExec2864582514/fast] Error 2

File /home/pi/manta_ws/build_isolated/class_loader/CMakeFiles/CMakeTmp/CheckSymbolExists.c:
/* */
#include <pthread.h>

int main(int argc, char** argv)
{
  (void)argv;
#ifndef pthread_create
  return ((int*)(&pthread_create))[argc];
#else
  (void)argc;
  return 0;
#endif
}

Determining if the function pthread_create exists in the pthreads failed with the following output:
Change Dir: /home/pi/manta_ws/build_isolated/class_loader/CMakeFiles/CMakeTmp

Run Build Command:"/usr/bin/make" "cmTryCompileExec1978418840/fast"
/usr/bin/make -f CMakeFiles/cmTryCompileExec1978418840.dir/build.make CMakeFiles/cmTryCompileExec1978418840.dir/build
make[1]: Entering directory '/home/pi/manta_ws/build_isolated/class_loader/CMakeFiles/CMakeTmp'
/usr/bin/cmake -E cmake_progress_report /home/pi/manta_ws/build_isolated/class_loader/CMakeFiles/CMakeTmp/CMakeFiles 1
Building C object CMakeFiles/cmTryCompileExec1978418840.dir/CheckFunctionExists.c.o
/usr/bin/cc   -DCHECK_FUNCTION_EXISTS=pthread_create   -o CMakeFiles/cmTryCompileExec1978418840.dir/CheckFunctionExists.c.o   -c /usr/share/cmake-3.0/Modules/CheckFunctionExists.c
Linking C executable cmTryCompileExec1978418840
/usr/bin/cmake -E cmake_link_script CMakeFiles/cmTryCompileExec1978418840.dir/link.txt --verbose=1
/usr/bin/cc   -DCHECK_FUNCTION_EXISTS=pthread_create    CMakeFiles/cmTryCompileExec1978418840.dir/CheckFunctionExists.c.o  -o cmTryCompileExec1978418840 -rdynamic -lpthreads 
/usr/bin/ld: cannot find -lpthreads
collect2: error: ld returned 1 exit status
CMakeFiles/cmTryCompileExec1978418840.dir/build.make:88: recipe for target 'cmTryCompileExec1978418840' failed
make[1]: Leaving directory '/home/pi/manta_ws/build_isolated/class_loader/CMakeFiles/CMakeTmp'
make[1]: *** [cmTryCompileExec1978418840] Error 1
Makefile:118: recipe for target 'cmTryCompileExec1978418840/fast' failed
make: *** [cmTryCompileExec1978418840/fast] Error 2


