Determining if the pthread_create exist failed with the following output:
Change Dir: /home/pi/manta_ws/build_isolated/sensor_msgs/CMakeFiles/CMakeTmp

Run Build Command:"/usr/bin/make" "cmTryCompileExec557123286/fast"
/usr/bin/make -f CMakeFiles/cmTryCompileExec557123286.dir/build.make CMakeFiles/cmTryCompileExec557123286.dir/build
make[1]: Entering directory '/home/pi/manta_ws/build_isolated/sensor_msgs/CMakeFiles/CMakeTmp'
/usr/bin/cmake -E cmake_progress_report /home/pi/manta_ws/build_isolated/sensor_msgs/CMakeFiles/CMakeTmp/CMakeFiles 1
Building C object CMakeFiles/cmTryCompileExec557123286.dir/CheckSymbolExists.c.o
/usr/bin/cc    -o CMakeFiles/cmTryCompileExec557123286.dir/CheckSymbolExists.c.o   -c /home/pi/manta_ws/build_isolated/sensor_msgs/CMakeFiles/CMakeTmp/CheckSymbolExists.c
Linking C executable cmTryCompileExec557123286
/usr/bin/cmake -E cmake_link_script CMakeFiles/cmTryCompileExec557123286.dir/link.txt --verbose=1
/usr/bin/cc       CMakeFiles/cmTryCompileExec557123286.dir/CheckSymbolExists.c.o  -o cmTryCompileExec557123286 -rdynamic 
CMakeFiles/cmTryCompileExec557123286.dir/CheckSymbolExists.c.o: In function `main':
CheckSymbolExists.c:(.text+0x38): undefined reference to `pthread_create'
collect2: error: ld returned 1 exit status
CMakeFiles/cmTryCompileExec557123286.dir/build.make:88: recipe for target 'cmTryCompileExec557123286' failed
make[1]: *** [cmTryCompileExec557123286] Error 1
make[1]: Leaving directory '/home/pi/manta_ws/build_isolated/sensor_msgs/CMakeFiles/CMakeTmp'
Makefile:118: recipe for target 'cmTryCompileExec557123286/fast' failed
make: *** [cmTryCompileExec557123286/fast] Error 2

File /home/pi/manta_ws/build_isolated/sensor_msgs/CMakeFiles/CMakeTmp/CheckSymbolExists.c:
/* */
#include <pthread.h>

int main(int argc, char** argv)
{
  (void)argv;
#ifndef pthread_create
  return ((int*)(&pthread_create))[argc];
#else
  (void)argc;
  return 0;
#endif
}

Determining if the function pthread_create exists in the pthreads failed with the following output:
Change Dir: /home/pi/manta_ws/build_isolated/sensor_msgs/CMakeFiles/CMakeTmp

Run Build Command:"/usr/bin/make" "cmTryCompileExec1193238958/fast"
/usr/bin/make -f CMakeFiles/cmTryCompileExec1193238958.dir/build.make CMakeFiles/cmTryCompileExec1193238958.dir/build
make[1]: Entering directory '/home/pi/manta_ws/build_isolated/sensor_msgs/CMakeFiles/CMakeTmp'
/usr/bin/cmake -E cmake_progress_report /home/pi/manta_ws/build_isolated/sensor_msgs/CMakeFiles/CMakeTmp/CMakeFiles 1
Building C object CMakeFiles/cmTryCompileExec1193238958.dir/CheckFunctionExists.c.o
/usr/bin/cc   -DCHECK_FUNCTION_EXISTS=pthread_create   -o CMakeFiles/cmTryCompileExec1193238958.dir/CheckFunctionExists.c.o   -c /usr/share/cmake-3.0/Modules/CheckFunctionExists.c
Linking C executable cmTryCompileExec1193238958
/usr/bin/cmake -E cmake_link_script CMakeFiles/cmTryCompileExec1193238958.dir/link.txt --verbose=1
/usr/bin/cc   -DCHECK_FUNCTION_EXISTS=pthread_create    CMakeFiles/cmTryCompileExec1193238958.dir/CheckFunctionExists.c.o  -o cmTryCompileExec1193238958 -rdynamic -lpthreads 
/usr/bin/ld: cannot find -lpthreads
collect2: error: ld returned 1 exit status
CMakeFiles/cmTryCompileExec1193238958.dir/build.make:88: recipe for target 'cmTryCompileExec1193238958' failed
make[1]: Leaving directory '/home/pi/manta_ws/build_isolated/sensor_msgs/CMakeFiles/CMakeTmp'
make[1]: *** [cmTryCompileExec1193238958] Error 1
Makefile:118: recipe for target 'cmTryCompileExec1193238958/fast' failed
make: *** [cmTryCompileExec1193238958/fast] Error 2


