Determining if the pthread_create exist failed with the following output:
Change Dir: /home/pi/manta_ws/build_isolated/urg_node/CMakeFiles/CMakeTmp

Run Build Command:"/usr/bin/make" "cmTryCompileExec1014196716/fast"
/usr/bin/make -f CMakeFiles/cmTryCompileExec1014196716.dir/build.make CMakeFiles/cmTryCompileExec1014196716.dir/build
make[1]: Entering directory '/home/pi/manta_ws/build_isolated/urg_node/CMakeFiles/CMakeTmp'
/usr/bin/cmake -E cmake_progress_report /home/pi/manta_ws/build_isolated/urg_node/CMakeFiles/CMakeTmp/CMakeFiles 1
Building C object CMakeFiles/cmTryCompileExec1014196716.dir/CheckSymbolExists.c.o
/usr/bin/cc    -o CMakeFiles/cmTryCompileExec1014196716.dir/CheckSymbolExists.c.o   -c /home/pi/manta_ws/build_isolated/urg_node/CMakeFiles/CMakeTmp/CheckSymbolExists.c
Linking C executable cmTryCompileExec1014196716
/usr/bin/cmake -E cmake_link_script CMakeFiles/cmTryCompileExec1014196716.dir/link.txt --verbose=1
/usr/bin/cc       CMakeFiles/cmTryCompileExec1014196716.dir/CheckSymbolExists.c.o  -o cmTryCompileExec1014196716 -rdynamic 
CMakeFiles/cmTryCompileExec1014196716.dir/CheckSymbolExists.c.o: In function `main':
CheckSymbolExists.c:(.text+0x38): undefined reference to `pthread_create'
collect2: error: ld returned 1 exit status
CMakeFiles/cmTryCompileExec1014196716.dir/build.make:88: recipe for target 'cmTryCompileExec1014196716' failed
make[1]: Leaving directory '/home/pi/manta_ws/build_isolated/urg_node/CMakeFiles/CMakeTmp'
make[1]: *** [cmTryCompileExec1014196716] Error 1
Makefile:118: recipe for target 'cmTryCompileExec1014196716/fast' failed
make: *** [cmTryCompileExec1014196716/fast] Error 2

File /home/pi/manta_ws/build_isolated/urg_node/CMakeFiles/CMakeTmp/CheckSymbolExists.c:
/* */
#include <pthread.h>

int main(int argc, char** argv)
{
  (void)argv;
#ifndef pthread_create
  return ((int*)(&pthread_create))[argc];
#else
  (void)argc;
  return 0;
#endif
}

Determining if the function pthread_create exists in the pthreads failed with the following output:
Change Dir: /home/pi/manta_ws/build_isolated/urg_node/CMakeFiles/CMakeTmp

Run Build Command:"/usr/bin/make" "cmTryCompileExec2206089481/fast"
/usr/bin/make -f CMakeFiles/cmTryCompileExec2206089481.dir/build.make CMakeFiles/cmTryCompileExec2206089481.dir/build
make[1]: Entering directory '/home/pi/manta_ws/build_isolated/urg_node/CMakeFiles/CMakeTmp'
/usr/bin/cmake -E cmake_progress_report /home/pi/manta_ws/build_isolated/urg_node/CMakeFiles/CMakeTmp/CMakeFiles 1
Building C object CMakeFiles/cmTryCompileExec2206089481.dir/CheckFunctionExists.c.o
/usr/bin/cc   -DCHECK_FUNCTION_EXISTS=pthread_create   -o CMakeFiles/cmTryCompileExec2206089481.dir/CheckFunctionExists.c.o   -c /usr/share/cmake-3.0/Modules/CheckFunctionExists.c
Linking C executable cmTryCompileExec2206089481
/usr/bin/cmake -E cmake_link_script CMakeFiles/cmTryCompileExec2206089481.dir/link.txt --verbose=1
/usr/bin/cc   -DCHECK_FUNCTION_EXISTS=pthread_create    CMakeFiles/cmTryCompileExec2206089481.dir/CheckFunctionExists.c.o  -o cmTryCompileExec2206089481 -rdynamic -lpthreads 
/usr/bin/ld: cannot find -lpthreads
collect2: error: ld returned 1 exit status
CMakeFiles/cmTryCompileExec2206089481.dir/build.make:88: recipe for target 'cmTryCompileExec2206089481' failed
make[1]: Leaving directory '/home/pi/manta_ws/build_isolated/urg_node/CMakeFiles/CMakeTmp'
make[1]: *** [cmTryCompileExec2206089481] Error 1
Makefile:118: recipe for target 'cmTryCompileExec2206089481/fast' failed
make: *** [cmTryCompileExec2206089481/fast] Error 2


